<?xml version="1.0" encoding="UTF-8"?>
<testng-results ignored="0" total="1" passed="1" failed="0" skipped="0">
  <reporter-output>
  </reporter-output>
  <suite started-at="2021-10-13T13:17:27 IST" name="Default suite" finished-at="2021-10-13T13:18:38 IST" duration-ms="71028">
    <groups>
    </groups>
    <test started-at="2021-10-13T13:17:27 IST" name="Default test" finished-at="2021-10-13T13:18:38 IST" duration-ms="71028">
      <class name="TC_InVue.TesttoVerifyAddNewZone">
        <test-method is-config="true" signature="setup()[pri:0, instance:TC_InVue.TesttoVerifyAddNewZone@4a94ee4]" started-at="2021-10-13T13:17:28 IST" name="setup" finished-at="2021-10-13T13:18:21 IST" duration-ms="53152" status="PASS">
          <reporter-output>
          </reporter-output>
        </test-method> <!-- setup -->
        <test-method signature="AddNewZone()[pri:0, instance:TC_InVue.TesttoVerifyAddNewZone@4a94ee4]" started-at="2021-10-13T13:18:21 IST" name="AddNewZone" finished-at="2021-10-13T13:18:34 IST" duration-ms="13597" status="PASS">
          <reporter-output>
          </reporter-output>
        </test-method> <!-- AddNewZone -->
        <test-method is-config="true" signature="teardown()[pri:0, instance:TC_InVue.TesttoVerifyAddNewZone@4a94ee4]" started-at="2021-10-13T13:18:34 IST" name="teardown" finished-at="2021-10-13T13:18:38 IST" duration-ms="4020" status="PASS">
          <reporter-output>
          </reporter-output>
        </test-method> <!-- teardown -->
      </class> <!-- TC_InVue.TesttoVerifyAddNewZone -->
    </test> <!-- Default test -->
  </suite> <!-- Default suite -->
</testng-results>
